Original Message:	attack at dawn
Shift: 10
Encrypted Message:	kddkmu kd nkgx
Decrypted Message:	attack at dawn
Letter Count: 
a: 4
c: 1
d: 1
k: 1
n: 1
t: 3
w: 1

Original Message:	attack at dawn
Shift: 36
Encrypted Message:	kddkmu kd nkgx
Decrypted Message:	attack at dawn
Letter Count: 
a: 4
c: 1
d: 1
k: 1
n: 1
t: 3
w: 1

Original Message:	et tu, brute?
Shift: 3
Encrypted Message:	hw wx, euxwh?
Decrypted Message:	et tu, brute?
Letter Count: 
b: 1
e: 2
r: 1
t: 3
u: 2

Original Message:	charlie-delta-foxtrot two five niner
Shift: 28
Encrypted Message:	ejctnkg-fgnvc-hqzvtqv vyq hkxg pkpgt
Decrypted Message:	charlie-delta-foxtrot two five niner
Letter Count: 
a: 2
c: 1
d: 1
e: 4
f: 2
h: 1
i: 3
l: 2
n: 2
o: 3
r: 3
t: 4
v: 1
w: 1
x: 1