---STRING LIST---
Cursor Position: 0
adding element: this
adding element: cList
adding element: a
adding element: is
Printing List:
( this, is, a, cList )
removing element: is
Printing List:
( this, a, cList )
Cursor Position: 1
cursor = "a"
Cursor Position: 2
cursor = "cList"
adding element: world
adding element: hello
Cursor Position: 0
Printing List:
( hello, world, this, a, cList )


---INT LIST---
Cursor Position: 0
adding element: 0
adding element: 3
adding element: 2
adding element: 1
Printing List:
( 0, 1, 2, 3 )
Cursor Position: 1
cursor = "1"
removing element: 2
Printing List:
( 1, 3, 0 )
adding element: 5
adding element: 4
Printing List:
( 1, 4, 5, 3, 0 )
